2025-04-08 18:43:21.753178 - Received CBT.V508.FILE1029.PDS from FILE1029.XMI 
2025-04-08 18:43:21.766080 - Found $$$#DATE.txt (text/plain) in CBT.V508.FILE1029.PDS, moved to PDS/$$$#DATE
2025-04-08 18:43:21.766785 - Found $$README.txt (text/plain) in CBT.V508.FILE1029.PDS, moved to PDS/$$README
2025-04-08 18:43:21.767401 - Found $README.txt (text/plain) in CBT.V508.FILE1029.PDS, moved to PDS/$README
2025-04-08 18:43:21.768058 - Found @FIL1029.txt (text/plain) in CBT.V508.FILE1029.PDS, moved to PDS/@FIL1029
2025-04-08 18:43:21.768694 - Found DATATST.txt (text/plain) in CBT.V508.FILE1029.PDS, moved to PDS/DATATST
2025-04-08 18:43:21.769594 - Found DATAXXX.txt (text/plain) in CBT.V508.FILE1029.PDS, moved to PDS/DATAXXX
2025-04-08 18:43:21.770300 - Found EXEC.xmi (application/xmit) in CBT.V508.FILE1029.PDS, moved to PDS/EXEC.xmi
2025-04-08 18:43:21.845315 - Received SYSP.RXP.EXEC from EXEC.xmi 
2025-04-08 18:43:21.846960 - Found $$README.txt (text/plain) in SYSP.RXP.EXEC, moved to EXEC/$$README
2025-04-08 18:43:21.847686 - Found DATATST.txt (text/plain) in SYSP.RXP.EXEC, moved to EXEC/DATATST
2025-04-08 18:43:21.848379 - Found DATAXXX.txt (text/plain) in SYSP.RXP.EXEC, moved to EXEC/DATAXXX
2025-04-08 18:43:21.849001 - Found RXDEBUGP.txt (text/plain) in SYSP.RXP.EXEC, moved to EXEC/RXDEBUGP
2025-04-08 18:43:21.849843 - Found RXPSAMP1.rexx (text/plain) in SYSP.RXP.EXEC, moved to EXEC/RXPSAMP1
2025-04-08 18:43:21.850512 - Found RXPSAMP2.rexx (text/plain) in SYSP.RXP.EXEC, moved to EXEC/RXPSAMP2
2025-04-08 18:43:21.851096 - Found RXPSAMP3.rexx (text/plain) in SYSP.RXP.EXEC, moved to EXEC/RXPSAMP3
2025-04-08 18:43:21.851701 - Found RXPSAMP4.rexx (text/plain) in SYSP.RXP.EXEC, moved to EXEC/RXPSAMP4
2025-04-08 18:43:21.852357 - Found RXPSAMP5.rexx (text/plain) in SYSP.RXP.EXEC, moved to EXEC/RXPSAMP5
2025-04-08 18:43:21.852938 - Found RXPSAMP6.rexx (text/plain) in SYSP.RXP.EXEC, moved to EXEC/RXPSAMP6
2025-04-08 18:43:21.853549 - Found RXPSAMP7.rexx (text/plain) in SYSP.RXP.EXEC, moved to EXEC/RXPSAMP7
2025-04-08 18:43:21.855196 - Found LOAD.xmi (application/xmit) in CBT.V508.FILE1029.PDS, moved to PDS/LOAD.xmi
2025-04-08 18:43:21.941030 - Received SYSP.RXP.LOAD from LOAD.xmi 
2025-04-08 18:43:21.942293 - Found IGYCASM1.bin (application/octet-stream) in SYSP.RXP.LOAD, moved to LOAD/IGYCASM1
2025-04-08 18:43:21.943052 - Found REXXDUMP.bin (application/octet-stream) in SYSP.RXP.LOAD, moved to LOAD/REXXDUMP
2025-04-08 18:43:21.944194 - Found RXP.bin (application/octet-stream) in SYSP.RXP.LOAD, moved to LOAD/RXP
2025-04-08 18:43:21.945223 - Found RXDEBUGP.txt (text/plain) in CBT.V508.FILE1029.PDS, moved to PDS/RXDEBUGP
2025-04-08 18:43:21.945893 - Found RXPSAMP1.rexx (text/plain) in CBT.V508.FILE1029.PDS, moved to PDS/RXPSAMP1
2025-04-08 18:43:21.946483 - Found RXPSAMP2.rexx (text/plain) in CBT.V508.FILE1029.PDS, moved to PDS/RXPSAMP2
2025-04-08 18:43:21.947071 - Found RXPSAMP3.rexx (text/plain) in CBT.V508.FILE1029.PDS, moved to PDS/RXPSAMP3
2025-04-08 18:43:21.947681 - Found RXPSAMP4.rexx (text/plain) in CBT.V508.FILE1029.PDS, moved to PDS/RXPSAMP4
2025-04-08 18:43:21.948354 - Found RXPSAMP5.rexx (text/plain) in CBT.V508.FILE1029.PDS, moved to PDS/RXPSAMP5
2025-04-08 18:43:21.949017 - Found RXPSAMP6.rexx (text/plain) in CBT.V508.FILE1029.PDS, moved to PDS/RXPSAMP6
2025-04-08 18:43:21.949694 - Found RXPSAMP7.rexx (text/plain) in CBT.V508.FILE1029.PDS, moved to PDS/RXPSAMP7
